<?xml version="1.0" encoding="UTF-8"?>
<!-- Generated by org.testng.reporters.JUnitXMLReporter -->
<testsuite ignored="1" hostname="vqapc-ldu-1" failures="0" tests="1" name="test2" time="69.018" errors="0" timestamp="2023-07-13T18:24:45 PDT">
  <testcase classname="com.d3security.testcase.IncidentReportTest" name="testPhysicGeneralInformation" time="61.175"/>
  <testcase classname="com.d3security.testcase.IncidentReportTest" name="testPhysicAllElements" time="0.0">
    <ignored/>
  </testcase> <!-- testPhysicAllElements -->
</testsuite> <!-- test2 -->
