<?xml version="1.0" encoding="UTF-8"?>
<testsuite name="test2"
           tests="4"
           failures="3"
           errors="0"
           skipped="1"
           time="2.621">
  <properties />
            <testcase name="beforeClass" time="0.015" classname="com.d3security.testcase.PhysicSystemTest">
                <failure type="java.lang.NullPointerException"
                  message="(null)"
              >
<![CDATA[java.lang.NullPointerException
  java.base/java.util.Objects.requireNonNull(Objects.java:221)
  org.openqa.selenium.interactions.Actions.<init>(Actions.java:65)
  com.d3security.basepage.BaseBrowser.<init>(BaseBrowser.java:80)
  com.d3security.basepage.BasePage.<init>(BasePage.java:46)
  com.d3security.pageobject.page.LoginPage.<init>(LoginPage.java:34)
  com.d3security.basetest.BaseTest.beforeClass(BaseTest.java:98)
  java.base/jdk.internal.reflect.NativeMethodAccessorImpl.invoke0(Native Method)
  java.base/jdk.internal.reflect.NativeMethodAccessorImpl.invoke(NativeMethodAccessorImpl.java:62)
  java.base/jdk.internal.reflect.DelegatingMethodAccessorImpl.invoke(DelegatingMethodAccessorImpl.java:43)
  java.base/java.lang.reflect.Method.invoke(Method.java:566)
  org.testng.internal.invokers.MethodInvocationHelper.invokeMethod(MethodInvocationHelper.java:139)
  org.testng.internal.invokers.MethodInvocationHelper.invokeMethodConsideringTimeout(MethodInvocationHelper.java:69)
  org.testng.internal.invokers.ConfigInvoker.invokeConfigurationMethod(ConfigInvoker.java:390)
  org.testng.internal.invokers.ConfigInvoker.invokeConfigurations(ConfigInvoker.java:325)
  org.testng.internal.invokers.TestMethodWorker.invokeBeforeClassMethods(TestMethodWorker.java:180)
  org.testng.internal.invokers.TestMethodWorker.run(TestMethodWorker.java:122)
  java.base/java.util.ArrayList.forEach(ArrayList.java:1541)
  org.testng.TestRunner.privateRun(TestRunner.java:848)
  org.testng.TestRunner.run(TestRunner.java:621)
  org.testng.SuiteRunner.runTest(SuiteRunner.java:443)
  org.testng.SuiteRunner$SuiteWorker.run(SuiteRunner.java:481)
  org.testng.internal.thread.ThreadUtil.lambda$execute$0(ThreadUtil.java:58)
  java.base/java.util.concurrent.FutureTask.run(FutureTask.java:264)
  java.base/java.util.concurrent.ThreadPoolExecutor.runWorker(ThreadPoolExecutor.java:1128)
  java.base/java.util.concurrent.ThreadPoolExecutor$Worker.run(ThreadPoolExecutor.java:628)
  java.base/java.lang.Thread.run(Thread.java:834)
]]>
      </failure>

          </testcase>
            <testcase name="afterTest" time="0.001" classname="com.d3security.testcase.PhysicSystemTest">
                <failure type="java.lang.NullPointerException"
                  message="(null)"
              >
<![CDATA[java.lang.NullPointerException
  com.d3security.basetest.BaseDriver.closeBrowser(BaseDriver.java:142)
  com.d3security.basetest.BaseTest.afterTest(BaseTest.java:120)
  java.base/jdk.internal.reflect.NativeMethodAccessorImpl.invoke0(Native Method)
  java.base/jdk.internal.reflect.NativeMethodAccessorImpl.invoke(NativeMethodAccessorImpl.java:62)
  java.base/jdk.internal.reflect.DelegatingMethodAccessorImpl.invoke(DelegatingMethodAccessorImpl.java:43)
  java.base/java.lang.reflect.Method.invoke(Method.java:566)
  org.testng.internal.invokers.MethodInvocationHelper.invokeMethod(MethodInvocationHelper.java:139)
  org.testng.internal.invokers.MethodInvocationHelper.invokeMethodConsideringTimeout(MethodInvocationHelper.java:69)
  org.testng.internal.invokers.ConfigInvoker.invokeConfigurationMethod(ConfigInvoker.java:390)
  org.testng.internal.invokers.ConfigInvoker.invokeConfigurations(ConfigInvoker.java:325)
  org.testng.TestRunner.invokeTestConfigurations(TestRunner.java:663)
  org.testng.TestRunner.afterRun(TestRunner.java:933)
  org.testng.TestRunner.run(TestRunner.java:624)
  org.testng.SuiteRunner.runTest(SuiteRunner.java:443)
  org.testng.SuiteRunner$SuiteWorker.run(SuiteRunner.java:481)
  org.testng.internal.thread.ThreadUtil.lambda$execute$0(ThreadUtil.java:58)
  java.base/java.util.concurrent.FutureTask.run(FutureTask.java:264)
  java.base/java.util.concurrent.ThreadPoolExecutor.runWorker(ThreadPoolExecutor.java:1128)
  java.base/java.util.concurrent.ThreadPoolExecutor$Worker.run(ThreadPoolExecutor.java:628)
  java.base/java.lang.Thread.run(Thread.java:834)
]]>
      </failure>

          </testcase>
            <testcase name="beforeTest" time="2.605" classname="com.d3security.testcase.PhysicSystemTest">
                <failure type="org.openqa.selenium.SessionNotCreatedException"
                  message="session not created: This version of Microsoft Edge WebDriver only supports Microsoft Edge version 105
Current browser version is 114.0.1823.86 with binary path C:\Program Files (x86)\Microsoft\Edge\Application\msedge.exe
Build info: version: '3.141.59', revision: 'e82be7d358', time: '2018-11-14T08:17:03'
System info: host: 'VQAPC-LDU-1', ip: '192.168.1.201', os.name: 'Windows 11', os.arch: 'amd64', os.version: '10.0', java.version: '11.0.18'
Driver info: driver.version: BaseDriver
remote stacktrace: Backtrace:
	Microsoft::Applications::Events::EventProperties::SetProperty [0x00007FF75D922042+17554]
	Microsoft::Applications::Events::EventProperty::EventProperty [0x00007FF75D8BE992+1438578]
	Ordinal0 [0x00007FF75D4E9345+627525]
	Ordinal0 [0x00007FF75D5173D4+816084]
	Ordinal0 [0x00007FF75D5128B3+796851]
	Ordinal0 [0x00007FF75D50D9F0+776688]
	Ordinal0 [0x00007FF75D54969F+1021599]
	Ordinal0 [0x00007FF75D543A43+997955]
	Ordinal0 [0x00007FF75D5194C0+824512]
	Ordinal0 [0x00007FF75D51A9F8+829944]
	Microsoft::Applications::Events::EventProperty::EventProperty [0x00007FF75D7802E8+134344]
	Microsoft::Applications::Events::EventProperty::EventProperty [0x00007FF75D769C15+42485]
	Microsoft::Applications::Events::EventProperty::EventProperty [0x00007FF75D76CCFC+55004]
	Ordinal0 [0x00007FF75D5D4F14+1593108]
	Microsoft::Applications::Events::EventProperty::EventProperty [0x00007FF75D8C40DB+1460923]
	Microsoft::Applications::Events::EventProperty::EventProperty [0x00007FF75D8C80A4+1477252]
	Microsoft::Applications::Events::EventProperty::EventProperty [0x00007FF75D8C81FD+1477597]
	Microsoft::Applications::Events::EventProperty::EventProperty [0x00007FF75D8D01C9+1510313]
	BaseThreadInitThunk [0x00007FFE69EB26AD+29]
	RtlUserThreadStart [0x00007FFE6B02AA68+40]
"
              >
<![CDATA[org.openqa.selenium.SessionNotCreatedException: session not created: This version of Microsoft Edge WebDriver only supports Microsoft Edge version 105
Current browser version is 114.0.1823.86 with binary path C:\Program Files (x86)\Microsoft\Edge\Application\msedge.exe
Build info: version: '3.141.59', revision: 'e82be7d358', time: '2018-11-14T08:17:03'
System info: host: 'VQAPC-LDU-1', ip: '192.168.1.201', os.name: 'Windows 11', os.arch: 'amd64', os.version: '10.0', java.version: '11.0.18'
Driver info: driver.version: BaseDriver
remote stacktrace: Backtrace:
	Microsoft::Applications::Events::EventProperties::SetProperty [0x00007FF75D922042+17554]
	Microsoft::Applications::Events::EventProperty::EventProperty [0x00007FF75D8BE992+1438578]
	Ordinal0 [0x00007FF75D4E9345+627525]
	Ordinal0 [0x00007FF75D5173D4+816084]
	Ordinal0 [0x00007FF75D5128B3+796851]
	Ordinal0 [0x00007FF75D50D9F0+776688]
	Ordinal0 [0x00007FF75D54969F+1021599]
	Ordinal0 [0x00007FF75D543A43+997955]
	Ordinal0 [0x00007FF75D5194C0+824512]
	Ordinal0 [0x00007FF75D51A9F8+829944]
	Microsoft::Applications::Events::EventProperty::EventProperty [0x00007FF75D7802E8+134344]
	Microsoft::Applications::Events::EventProperty::EventProperty [0x00007FF75D769C15+42485]
	Microsoft::Applications::Events::EventProperty::EventProperty [0x00007FF75D76CCFC+55004]
	Ordinal0 [0x00007FF75D5D4F14+1593108]
	Microsoft::Applications::Events::EventProperty::EventProperty [0x00007FF75D8C40DB+1460923]
	Microsoft::Applications::Events::EventProperty::EventProperty [0x00007FF75D8C80A4+1477252]
	Microsoft::Applications::Events::EventProperty::EventProperty [0x00007FF75D8C81FD+1477597]
	Microsoft::Applications::Events::EventProperty::EventProperty [0x00007FF75D8D01C9+1510313]
	BaseThreadInitThunk [0x00007FFE69EB26AD+29]
	RtlUserThreadStart [0x00007FFE6B02AA68+40]

  java.base/jdk.internal.reflect.NativeConstructorAccessorImpl.newInstance0(Native Method)
  java.base/jdk.internal.reflect.NativeConstructorAccessorImpl.newInstance(NativeConstructorAccessorImpl.java:62)
  java.base/jdk.internal.reflect.DelegatingConstructorAccessorImpl.newInstance(DelegatingConstructorAccessorImpl.java:45)
  java.base/java.lang.reflect.Constructor.newInstance(Constructor.java:490)
  org.openqa.selenium.remote.W3CHandshakeResponse.lambda$errorHandler$0(W3CHandshakeResponse.java:62)
  org.openqa.selenium.remote.HandshakeResponse.lambda$getResponseFunction$0(HandshakeResponse.java:30)
  org.openqa.selenium.remote.ProtocolHandshake.lambda$createSession$0(ProtocolHandshake.java:126)
  java.base/java.util.stream.ReferencePipeline$3$1.accept(ReferencePipeline.java:195)
  java.base/java.util.Spliterators$ArraySpliterator.tryAdvance(Spliterators.java:958)
  java.base/java.util.stream.ReferencePipeline.forEachWithCancel(ReferencePipeline.java:127)
  java.base/java.util.stream.AbstractPipeline.copyIntoWithCancel(AbstractPipeline.java:502)
  java.base/java.util.stream.AbstractPipeline.copyInto(AbstractPipeline.java:488)
  java.base/java.util.stream.AbstractPipeline.wrapAndCopyInto(AbstractPipeline.java:474)
  java.base/java.util.stream.FindOps$FindOp.evaluateSequential(FindOps.java:150)
  java.base/java.util.stream.AbstractPipeline.evaluate(AbstractPipeline.java:234)
  java.base/java.util.stream.ReferencePipeline.findFirst(ReferencePipeline.java:543)
  org.openqa.selenium.remote.ProtocolHandshake.createSession(ProtocolHandshake.java:128)
  org.openqa.selenium.remote.ProtocolHandshake.createSession(ProtocolHandshake.java:74)
  org.openqa.selenium.remote.HttpCommandExecutor.execute(HttpCommandExecutor.java:136)
  org.openqa.selenium.remote.service.DriverCommandExecutor.execute(DriverCommandExecutor.java:83)
  org.openqa.selenium.remote.RemoteWebDriver.execute(RemoteWebDriver.java:552)
  org.openqa.selenium.remote.RemoteWebDriver.startSession(RemoteWebDriver.java:213)
  org.openqa.selenium.remote.RemoteWebDriver.<init>(RemoteWebDriver.java:131)
  org.openqa.selenium.edge.EdgeDriver.<init>(EdgeDriver.java:141)
  org.openqa.selenium.edge.EdgeDriver.<init>(EdgeDriver.java:130)
  com.d3security.basetest.EdgeDriverHandler.startBrowser(EdgeDriverHandler.java:54)
  com.d3security.basetest.OperaDriverHandler.startBrowser(OperaDriverHandler.java:37)
  com.d3security.basetest.FirefoxDriverHandler.startBrowser(FirefoxDriverHandler.java:35)
  com.d3security.basetest.ChromeDriverHandler.startBrowser(ChromeDriverHandler.java:38)
  com.d3security.basetest.HeadHandler.startBrowser(HeadHandler.java:23)
  com.d3security.basetest.DriverHandler.start(DriverHandler.java:35)
  com.d3security.basetest.BaseDriver.startBrowser(BaseDriver.java:98)
  com.d3security.basetest.BaseTest.beforeTest(BaseTest.java:88)
  java.base/jdk.internal.reflect.NativeMethodAccessorImpl.invoke0(Native Method)
  java.base/jdk.internal.reflect.NativeMethodAccessorImpl.invoke(NativeMethodAccessorImpl.java:62)
  java.base/jdk.internal.reflect.DelegatingMethodAccessorImpl.invoke(DelegatingMethodAccessorImpl.java:43)
  java.base/java.lang.reflect.Method.invoke(Method.java:566)
  org.testng.internal.invokers.MethodInvocationHelper.invokeMethod(MethodInvocationHelper.java:139)
  org.testng.internal.invokers.MethodInvocationHelper.invokeMethodConsideringTimeout(MethodInvocationHelper.java:69)
  org.testng.internal.invokers.ConfigInvoker.invokeConfigurationMethod(ConfigInvoker.java:390)
  org.testng.internal.invokers.ConfigInvoker.invokeConfigurations(ConfigInvoker.java:325)
  org.testng.TestRunner.invokeTestConfigurations(TestRunner.java:663)
  org.testng.TestRunner.beforeRun(TestRunner.java:652)
  org.testng.TestRunner.run(TestRunner.java:614)
  org.testng.SuiteRunner.runTest(SuiteRunner.java:443)
  org.testng.SuiteRunner$SuiteWorker.run(SuiteRunner.java:481)
  org.testng.internal.thread.ThreadUtil.lambda$execute$0(ThreadUtil.java:58)
  java.base/java.util.concurrent.FutureTask.run(FutureTask.java:264)
  java.base/java.util.concurrent.ThreadPoolExecutor.runWorker(ThreadPoolExecutor.java:1128)
  java.base/java.util.concurrent.ThreadPoolExecutor$Worker.run(ThreadPoolExecutor.java:628)
  java.base/java.lang.Thread.run(Thread.java:834)
]]>
      </failure>

          </testcase>
  
            <testcase name="testPhysicAddIR" time="0.0" classname="com.d3security.testcase.PhysicSystemTest">
          <skipped />
    </testcase>
  
  
</testsuite>
