<?xml version="1.0" encoding="UTF-8"?>
<testng-results ignored="0" total="1" passed="0" failed="1" skipped="0">
  <reporter-output>
    <line>
      <![CDATA[[Step #1] [Message]:<b> Open Website URL:https://v2019.d3securityonline.net/V127Physical/VSOC/</b>]]>
    </line>
    <line>
      <![CDATA[[Step #2] [Message]:<b> Sign In</b>]]>
    </line>
    <line>
      <![CDATA[[Step #3] [Message]:<b> Dashboard is displaying</b>]]>
    </line>
    <line>
      <![CDATA[[Step #4] [Message]:<b> Click Add New Icon</b>]]>
    </line>
    <line>
      <![CDATA[[Step #5] [Message]:<b> Select dropdown Incident Report</b>]]>
    </line>
    <line>
      <![CDATA[[Step #6] [Message]:<b> Create IR</b>]]>
    </line>
    <line>
      <![CDATA[[Step #7] [Message]:<b> Add IncidentReport Window is opening</b>]]>
    </line>
    <line>
      <![CDATA[[Step #8] [Message]:<b> Save</b>]]>
    </line>
    <line>
      <![CDATA[<br><div style="text-align:left"><a href="F:\lucyWorkSpace\d3securityautomation\target\surefire-reports\html\202307915027FXApfG.jpg"><img src="F:\lucyWorkSpace\d3securityautomation\target\surefire-reports\html\202307915027FXApfG.jpg" alt="F:\lucyWorkSpace\d3securityautomation\target\surefire-reports\html\202307915027FXApfG" height="350"/></a></div>
<br>]]>
    </line>
    <line>
      <![CDATA[[Step #9] [<b><font color="red">Failed</font></b>]: java.lang.AssertionError: IncidentReport created successfully expected [true] but found [false]]]>
    </line>
  </reporter-output>
  <suite started-at="2023-07-09T15:37:28 PDT" name="Physic System " finished-at="2023-07-09T15:38:35 PDT" duration-ms="66803">
    <groups>
    </groups>
    <test started-at="2023-07-09T15:37:28 PDT" name="test2" finished-at="2023-07-09T15:38:35 PDT" duration-ms="66803">
      <class name="com.d3security.testcase.PhysicSystemTest">
        <test-method is-config="true" signature="beforeSuite(java.lang.String)[pri:0, instance:com.d3security.testcase.PhysicSystemTest@75f2099]" started-at="2023-07-09T15:37:28 PDT" name="beforeSuite" finished-at="2023-07-09T15:37:28 PDT" duration-ms="61" status="PASS">
          <params>
            <param index="0">
              <value>
                <![CDATA[src/test/resources/config/config.properties]]>
              </value>
            </param>
          </params>
          <reporter-output>
          </reporter-output>
        </test-method> <!-- beforeSuite -->
        <test-method is-config="true" signature="beforeTest(java.lang.String,java.lang.String,java.lang.String,java.lang.String,int,java.lang.String)[pri:0, instance:com.d3security.testcase.PhysicSystemTest@75f2099]" started-at="2023-07-09T15:37:28 PDT" name="beforeTest" finished-at="2023-07-09T15:37:31 PDT" duration-ms="2147" status="PASS">
          <params>
            <param index="0">
              <value>
                <![CDATA[chrome]]>
              </value>
            </param>
            <param index="1">
              <value>
                <![CDATA[pc]]>
              </value>
            </param>
            <param index="2">
              <value>
                <![CDATA[desktop]]>
              </value>
            </param>
            <param index="3">
              <value is-null="true"/>
            </param>
            <param index="4">
              <value>
                <![CDATA[4444]]>
              </value>
            </param>
            <param index="5">
              <value is-null="true"/>
            </param>
          </params>
          <reporter-output>
          </reporter-output>
        </test-method> <!-- beforeTest -->
        <test-method is-config="true" signature="beforeClass()[pri:0, instance:com.d3security.testcase.PhysicSystemTest@75f2099]" started-at="2023-07-09T15:37:31 PDT" name="beforeClass" finished-at="2023-07-09T15:37:31 PDT" duration-ms="31" status="PASS">
          <reporter-output>
          </reporter-output>
        </test-method> <!-- beforeClass -->
        <test-method signature="testPhysicAddIR([Ljava.lang.Object;)[pri:1, instance:com.d3security.testcase.PhysicSystemTest@75f2099]" started-at="2023-07-09T15:37:32 PDT" name="testPhysicAddIR" description="Physic Login" data-provider="PhysicData" finished-at="2023-07-09T15:38:28 PDT" duration-ms="55954" status="FAIL">
          <params>
            <param index="0">
              <value>
                <![CDATA[[Ljava.lang.Object;@31464a43]]>
              </value>
            </param>
          </params>
          <exception class="java.lang.AssertionError">
            <message>
              <![CDATA[[Step #9] [<b><font color="red">Failed</font></b>]: java.lang.AssertionError: IncidentReport created successfully expected [true] but found [false]]]>
            </message>
            <full-stacktrace>
              <![CDATA[java.lang.AssertionError: [Step #9] [<b><font color="red">Failed</font></b>]: java.lang.AssertionError: IncidentReport created successfully expected [true] but found [false]
at org.testng.Assert.fail(Assert.java:111)
at com.d3security.util.StepInfo.failTest(StepInfo.java:123)
at com.d3security.util.Verify.verifyTrue(Verify.java:219)
at com.d3security.testcase.PhysicSystemTest.testPhysicAddIR(PhysicSystemTest.java:59)
at java.base/jdk.internal.reflect.NativeMethodAccessorImpl.invoke0(Native Method)
at java.base/jdk.internal.reflect.NativeMethodAccessorImpl.invoke(NativeMethodAccessorImpl.java:62)
at java.base/jdk.internal.reflect.DelegatingMethodAccessorImpl.invoke(DelegatingMethodAccessorImpl.java:43)
at java.base/java.lang.reflect.Method.invoke(Method.java:566)
at org.testng.internal.invokers.MethodInvocationHelper.invokeMethod(MethodInvocationHelper.java:139)
at org.testng.internal.invokers.TestInvoker.invokeMethod(TestInvoker.java:664)
at org.testng.internal.invokers.TestInvoker.invokeTestMethod(TestInvoker.java:227)
at org.testng.internal.invokers.MethodRunner.runInSequence(MethodRunner.java:50)
at org.testng.internal.invokers.TestInvoker$MethodInvocationAgent.invoke(TestInvoker.java:957)
at org.testng.internal.invokers.TestInvoker.invokeTestMethods(TestInvoker.java:200)
at org.testng.internal.invokers.TestMethodWorker.invokeTestMethods(TestMethodWorker.java:148)
at org.testng.internal.invokers.TestMethodWorker.run(TestMethodWorker.java:128)
at java.base/java.util.ArrayList.forEach(ArrayList.java:1541)
at org.testng.TestRunner.privateRun(TestRunner.java:848)
at org.testng.TestRunner.run(TestRunner.java:621)
at org.testng.SuiteRunner.runTest(SuiteRunner.java:443)
at org.testng.SuiteRunner$SuiteWorker.run(SuiteRunner.java:481)
at org.testng.internal.thread.ThreadUtil.lambda$execute$0(ThreadUtil.java:58)
at java.base/java.util.concurrent.FutureTask.run(FutureTask.java:264)
at java.base/java.util.concurrent.ThreadPoolExecutor.runWorker(ThreadPoolExecutor.java:1128)
at java.base/java.util.concurrent.ThreadPoolExecutor$Worker.run(ThreadPoolExecutor.java:628)
at java.base/java.lang.Thread.run(Thread.java:834)
]]>
            </full-stacktrace>
          </exception> <!-- java.lang.AssertionError -->
          <reporter-output>
            <line>
              <![CDATA[[Step #1] [Message]:<b> Open Website URL:https://v2019.d3securityonline.net/V127Physical/VSOC/</b>]]>
            </line>
            <line>
              <![CDATA[[Step #2] [Message]:<b> Sign In</b>]]>
            </line>
            <line>
              <![CDATA[[Step #3] [Message]:<b> Dashboard is displaying</b>]]>
            </line>
            <line>
              <![CDATA[[Step #4] [Message]:<b> Click Add New Icon</b>]]>
            </line>
            <line>
              <![CDATA[[Step #5] [Message]:<b> Select dropdown Incident Report</b>]]>
            </line>
            <line>
              <![CDATA[[Step #6] [Message]:<b> Create IR</b>]]>
            </line>
            <line>
              <![CDATA[[Step #7] [Message]:<b> Add IncidentReport Window is opening</b>]]>
            </line>
            <line>
              <![CDATA[[Step #8] [Message]:<b> Save</b>]]>
            </line>
            <line>
              <![CDATA[<br><div style="text-align:left"><a href="F:\lucyWorkSpace\d3securityautomation\target\surefire-reports\html\202307915027FXApfG.jpg"><img src="F:\lucyWorkSpace\d3securityautomation\target\surefire-reports\html\202307915027FXApfG.jpg" alt="F:\lucyWorkSpace\d3securityautomation\target\surefire-reports\html\202307915027FXApfG" height="350"/></a></div>
<br>]]>
            </line>
            <line>
              <![CDATA[[Step #9] [<b><font color="red">Failed</font></b>]: java.lang.AssertionError: IncidentReport created successfully expected [true] but found [false]]]>
            </line>
          </reporter-output>
        </test-method> <!-- testPhysicAddIR -->
        <test-method is-config="true" signature="afterClass()[pri:0, instance:com.d3security.testcase.PhysicSystemTest@75f2099]" started-at="2023-07-09T15:38:28 PDT" name="afterClass" finished-at="2023-07-09T15:38:28 PDT" duration-ms="3" status="PASS">
          <reporter-output>
          </reporter-output>
        </test-method> <!-- afterClass -->
        <test-method is-config="true" signature="afterTest()[pri:0, instance:com.d3security.testcase.PhysicSystemTest@75f2099]" started-at="2023-07-09T15:38:28 PDT" name="afterTest" finished-at="2023-07-09T15:38:35 PDT" duration-ms="7584" status="PASS">
          <reporter-output>
          </reporter-output>
        </test-method> <!-- afterTest -->
        <test-method is-config="true" signature="afterSuite()[pri:0, instance:com.d3security.testcase.PhysicSystemTest@75f2099]" started-at="2023-07-09T15:38:35 PDT" name="afterSuite" finished-at="2023-07-09T15:38:35 PDT" duration-ms="0" status="PASS">
          <reporter-output>
          </reporter-output>
        </test-method> <!-- afterSuite -->
      </class> <!-- com.d3security.testcase.PhysicSystemTest -->
    </test> <!-- test2 -->
  </suite> <!-- Physic System  -->
</testng-results>
