<?xml version="1.0" encoding="UTF-8"?>
<testng-results ignored="0" total="2" passed="2" failed="0" skipped="0">
  <reporter-output>
    <line>
      <![CDATA[========== Start of Test Method ==========]]>
    </line>
    <line>
      <![CDATA[========== Start of Test Method ==========]]>
    </line>
    <line>
      <![CDATA[[INFO] Test Method Passed: testPhysicAddCase]]>
    </line>
    <line>
      <![CDATA[[INFO] Test Method Passed: testPhysicFlow]]>
    </line>
  </reporter-output>
  <suite started-at="2023-07-07T16:33:03 PDT" name="Physic System " finished-at="2023-07-07T16:34:12 PDT" duration-ms="69068">
    <groups>
    </groups>
    <test started-at="2023-07-07T16:33:03 PDT" name="test3" finished-at="2023-07-07T16:33:58 PDT" duration-ms="54445">
      <class name="com.d3security.testcase.PhysicSystemTest">
        <test-method is-config="true" signature="beforeSuite(java.lang.String)[pri:0, instance:com.d3security.testcase.PhysicSystemTest@5e3a39cd]" started-at="2023-07-07T16:33:03 PDT" name="beforeSuite" finished-at="2023-07-07T16:33:03 PDT" duration-ms="25" status="PASS">
          <params>
            <param index="0">
              <value>
                <![CDATA[src/test/resources/config/config.properties]]>
              </value>
            </param>
          </params>
          <reporter-output>
          </reporter-output>
        </test-method> <!-- beforeSuite -->
        <test-method is-config="true" signature="beforeTest(java.lang.String,java.lang.String,java.lang.String,java.lang.String,int,java.lang.String)[pri:0, instance:com.d3security.testcase.PhysicSystemTest@5e3a39cd]" started-at="2023-07-07T16:33:03 PDT" name="beforeTest" finished-at="2023-07-07T16:33:05 PDT" duration-ms="1388" status="PASS">
          <params>
            <param index="0">
              <value>
                <![CDATA[chrome]]>
              </value>
            </param>
            <param index="1">
              <value>
                <![CDATA[pc]]>
              </value>
            </param>
            <param index="2">
              <value>
                <![CDATA[desktop]]>
              </value>
            </param>
            <param index="3">
              <value is-null="true"/>
            </param>
            <param index="4">
              <value>
                <![CDATA[4444]]>
              </value>
            </param>
            <param index="5">
              <value is-null="true"/>
            </param>
          </params>
          <reporter-output>
          </reporter-output>
        </test-method> <!-- beforeTest -->
        <test-method is-config="true" signature="beforeClass()[pri:0, instance:com.d3security.testcase.PhysicSystemTest@5e3a39cd]" started-at="2023-07-07T16:33:05 PDT" name="beforeClass" finished-at="2023-07-07T16:33:05 PDT" duration-ms="1" status="PASS">
          <reporter-output>
          </reporter-output>
        </test-method> <!-- beforeClass -->
        <test-method signature="testPhysicAddCase([Ljava.lang.Object;)[pri:1, instance:com.d3security.testcase.PhysicSystemTest@5e3a39cd]" started-at="2023-07-07T16:33:05 PDT" name="testPhysicAddCase" description="Physic Add Case" data-provider="PhysicCaseData" finished-at="2023-07-07T16:33:52 PDT" duration-ms="46287" status="PASS">
          <params>
            <param index="0">
              <value>
                <![CDATA[[Ljava.lang.Object;@692fd26]]>
              </value>
            </param>
          </params>
          <reporter-output>
            <line>
              <![CDATA[========== Start of Test Method ==========]]>
            </line>
            <line>
              <![CDATA[[INFO] Test Method Passed: testPhysicAddCase]]>
            </line>
          </reporter-output>
        </test-method> <!-- testPhysicAddCase -->
        <test-method is-config="true" signature="afterClass()[pri:0, instance:com.d3security.testcase.PhysicSystemTest@5e3a39cd]" started-at="2023-07-07T16:33:52 PDT" name="afterClass" finished-at="2023-07-07T16:33:52 PDT" duration-ms="0" status="PASS">
          <reporter-output>
          </reporter-output>
        </test-method> <!-- afterClass -->
        <test-method is-config="true" signature="afterTest()[pri:0, instance:com.d3security.testcase.PhysicSystemTest@5e3a39cd]" started-at="2023-07-07T16:33:52 PDT" name="afterTest" finished-at="2023-07-07T16:33:58 PDT" duration-ms="6233" status="PASS">
          <reporter-output>
          </reporter-output>
        </test-method> <!-- afterTest -->
        <test-method is-config="true" signature="afterSuite()[pri:0, instance:com.d3security.testcase.PhysicSystemTest@5e3a39cd]" started-at="2023-07-07T16:34:12 PDT" name="afterSuite" finished-at="2023-07-07T16:34:12 PDT" duration-ms="0" status="PASS">
          <reporter-output>
          </reporter-output>
        </test-method> <!-- afterSuite -->
      </class> <!-- com.d3security.testcase.PhysicSystemTest -->
    </test> <!-- test3 -->
    <test started-at="2023-07-07T16:33:03 PDT" name="test2" finished-at="2023-07-07T16:34:12 PDT" duration-ms="69068">
      <class name="com.d3security.testcase.PhysicSystemTest">
        <test-method is-config="true" signature="beforeTest(java.lang.String,java.lang.String,java.lang.String,java.lang.String,int,java.lang.String)[pri:0, instance:com.d3security.testcase.PhysicSystemTest@48bfb884]" started-at="2023-07-07T16:33:03 PDT" name="beforeTest" finished-at="2023-07-07T16:33:05 PDT" duration-ms="1334" status="PASS">
          <params>
            <param index="0">
              <value>
                <![CDATA[chrome]]>
              </value>
            </param>
            <param index="1">
              <value>
                <![CDATA[pc]]>
              </value>
            </param>
            <param index="2">
              <value>
                <![CDATA[desktop]]>
              </value>
            </param>
            <param index="3">
              <value is-null="true"/>
            </param>
            <param index="4">
              <value>
                <![CDATA[4444]]>
              </value>
            </param>
            <param index="5">
              <value is-null="true"/>
            </param>
          </params>
          <reporter-output>
          </reporter-output>
        </test-method> <!-- beforeTest -->
        <test-method is-config="true" signature="beforeClass()[pri:0, instance:com.d3security.testcase.PhysicSystemTest@48bfb884]" started-at="2023-07-07T16:33:05 PDT" name="beforeClass" finished-at="2023-07-07T16:33:05 PDT" duration-ms="23" status="PASS">
          <reporter-output>
          </reporter-output>
        </test-method> <!-- beforeClass -->
        <test-method signature="testPhysicFlow([Ljava.lang.Object;)[pri:1, instance:com.d3security.testcase.PhysicSystemTest@48bfb884]" started-at="2023-07-07T16:33:05 PDT" name="testPhysicFlow" description="Physic Login" data-provider="PhysicData" finished-at="2023-07-07T16:34:06 PDT" duration-ms="60972" status="PASS">
          <params>
            <param index="0">
              <value>
                <![CDATA[[Ljava.lang.Object;@8ff5094]]>
              </value>
            </param>
          </params>
          <reporter-output>
            <line>
              <![CDATA[========== Start of Test Method ==========]]>
            </line>
            <line>
              <![CDATA[[INFO] Test Method Passed: testPhysicFlow]]>
            </line>
          </reporter-output>
        </test-method> <!-- testPhysicFlow -->
        <test-method is-config="true" signature="afterClass()[pri:0, instance:com.d3security.testcase.PhysicSystemTest@48bfb884]" started-at="2023-07-07T16:34:06 PDT" name="afterClass" finished-at="2023-07-07T16:34:06 PDT" duration-ms="0" status="PASS">
          <reporter-output>
          </reporter-output>
        </test-method> <!-- afterClass -->
        <test-method is-config="true" signature="afterTest()[pri:0, instance:com.d3security.testcase.PhysicSystemTest@48bfb884]" started-at="2023-07-07T16:34:06 PDT" name="afterTest" finished-at="2023-07-07T16:34:12 PDT" duration-ms="6212" status="PASS">
          <reporter-output>
          </reporter-output>
        </test-method> <!-- afterTest -->
      </class> <!-- com.d3security.testcase.PhysicSystemTest -->
    </test> <!-- test2 -->
  </suite> <!-- Physic System  -->
</testng-results>
