<?xml version="1.0" encoding="UTF-8"?>
<testng-results ignored="0" total="1" passed="1" failed="0" skipped="0">
  <reporter-output>
    <line>
      <![CDATA[[Step #1] [Message]:<b> Open Website URL:https://v2019.d3securityonline.net/V127Physical/VSOC/</b>]]>
    </line>
    <line>
      <![CDATA[[Step #2] [Message]:<b> Sign In</b>]]>
    </line>
    <line>
      <![CDATA[[Step #3] [Message]:<b> Dashboard is displaying</b>]]>
    </line>
    <line>
      <![CDATA[[Step #4] [Message]:<b> Click Add New Icon</b>]]>
    </line>
    <line>
      <![CDATA[[Step #5] [Message]:<b> Select dropdown Incident Report</b>]]>
    </line>
    <line>
      <![CDATA[[Step #6] [Message]:<b> Create IR</b>]]>
    </line>
    <line>
      <![CDATA[[Step #7] [Message]:<b> Add IncidentReport Window is opening</b>]]>
    </line>
    <line>
      <![CDATA[[Step #8] [Message]:<b> Save</b>]]>
    </line>
    <line>
      <![CDATA[[Step #9] [Passed]: IncidentReport created successfully]]>
    </line>
    <line>
      <![CDATA[[Step #10] [Message]:<b> Get IncidentReport number: 09072023-8</b>]]>
    </line>
    <line>
      <![CDATA[[Step #11] [Message]:<b> Go D3vSOC Window</b>]]>
    </line>
    <line>
      <![CDATA[[Step #12] [Message]:<b> Click Hamburger Menu</b>]]>
    </line>
    <line>
      <![CDATA[[Step #13] [Message]:<b> Click IncidentReports Menu</b>]]>
    </line>
    <line>
      <![CDATA[[Step #14] [Message]:<b> Search IR</b>]]>
    </line>
    <line>
      <![CDATA[[Step #15] [Passed]: IncidentReport number is displayed in Grid]]>
    </line>
  </reporter-output>
  <suite started-at="2023-07-09T17:54:04 PDT" name="Physic System " finished-at="2023-07-09T17:55:09 PDT" duration-ms="64295">
    <groups>
    </groups>
    <test started-at="2023-07-09T17:54:04 PDT" name="test2" finished-at="2023-07-09T17:55:09 PDT" duration-ms="64295">
      <class name="com.d3security.testcase.PhysicSystemTest">
        <test-method is-config="true" signature="beforeSuite(java.lang.String)[pri:0, instance:com.d3security.testcase.PhysicSystemTest@75f2099]" started-at="2023-07-09T17:54:04 PDT" name="beforeSuite" finished-at="2023-07-09T17:54:04 PDT" duration-ms="86" status="PASS">
          <params>
            <param index="0">
              <value>
                <![CDATA[src/test/resources/config/config.properties]]>
              </value>
            </param>
          </params>
          <reporter-output>
          </reporter-output>
        </test-method> <!-- beforeSuite -->
        <test-method is-config="true" signature="beforeTest(java.lang.String,java.lang.String,java.lang.String,java.lang.String,int,java.lang.String)[pri:0, instance:com.d3security.testcase.PhysicSystemTest@75f2099]" started-at="2023-07-09T17:54:04 PDT" name="beforeTest" finished-at="2023-07-09T17:54:07 PDT" duration-ms="2176" status="PASS">
          <params>
            <param index="0">
              <value>
                <![CDATA[chrome]]>
              </value>
            </param>
            <param index="1">
              <value>
                <![CDATA[pc]]>
              </value>
            </param>
            <param index="2">
              <value>
                <![CDATA[desktop]]>
              </value>
            </param>
            <param index="3">
              <value is-null="true"/>
            </param>
            <param index="4">
              <value>
                <![CDATA[4444]]>
              </value>
            </param>
            <param index="5">
              <value is-null="true"/>
            </param>
          </params>
          <reporter-output>
          </reporter-output>
        </test-method> <!-- beforeTest -->
        <test-method is-config="true" signature="beforeClass()[pri:0, instance:com.d3security.testcase.PhysicSystemTest@75f2099]" started-at="2023-07-09T17:54:07 PDT" name="beforeClass" finished-at="2023-07-09T17:54:07 PDT" duration-ms="27" status="PASS">
          <reporter-output>
          </reporter-output>
        </test-method> <!-- beforeClass -->
        <test-method signature="testPhysicAddIR([Ljava.lang.Object;)[pri:1, instance:com.d3security.testcase.PhysicSystemTest@75f2099]" started-at="2023-07-09T17:54:08 PDT" name="testPhysicAddIR" description="Physic Login" data-provider="PhysicData" finished-at="2023-07-09T17:55:02 PDT" duration-ms="54042" status="PASS">
          <params>
            <param index="0">
              <value>
                <![CDATA[[Ljava.lang.Object;@f4c0e4e]]>
              </value>
            </param>
          </params>
          <reporter-output>
            <line>
              <![CDATA[[Step #1] [Message]:<b> Open Website URL:https://v2019.d3securityonline.net/V127Physical/VSOC/</b>]]>
            </line>
            <line>
              <![CDATA[[Step #2] [Message]:<b> Sign In</b>]]>
            </line>
            <line>
              <![CDATA[[Step #3] [Message]:<b> Dashboard is displaying</b>]]>
            </line>
            <line>
              <![CDATA[[Step #4] [Message]:<b> Click Add New Icon</b>]]>
            </line>
            <line>
              <![CDATA[[Step #5] [Message]:<b> Select dropdown Incident Report</b>]]>
            </line>
            <line>
              <![CDATA[[Step #6] [Message]:<b> Create IR</b>]]>
            </line>
            <line>
              <![CDATA[[Step #7] [Message]:<b> Add IncidentReport Window is opening</b>]]>
            </line>
            <line>
              <![CDATA[[Step #8] [Message]:<b> Save</b>]]>
            </line>
            <line>
              <![CDATA[[Step #9] [Passed]: IncidentReport created successfully]]>
            </line>
            <line>
              <![CDATA[[Step #10] [Message]:<b> Get IncidentReport number: 09072023-8</b>]]>
            </line>
            <line>
              <![CDATA[[Step #11] [Message]:<b> Go D3vSOC Window</b>]]>
            </line>
            <line>
              <![CDATA[[Step #12] [Message]:<b> Click Hamburger Menu</b>]]>
            </line>
            <line>
              <![CDATA[[Step #13] [Message]:<b> Click IncidentReports Menu</b>]]>
            </line>
            <line>
              <![CDATA[[Step #14] [Message]:<b> Search IR</b>]]>
            </line>
            <line>
              <![CDATA[[Step #15] [Passed]: IncidentReport number is displayed in Grid]]>
            </line>
          </reporter-output>
        </test-method> <!-- testPhysicAddIR -->
        <test-method is-config="true" signature="afterClass()[pri:0, instance:com.d3security.testcase.PhysicSystemTest@75f2099]" started-at="2023-07-09T17:55:02 PDT" name="afterClass" finished-at="2023-07-09T17:55:02 PDT" duration-ms="1" status="PASS">
          <reporter-output>
          </reporter-output>
        </test-method> <!-- afterClass -->
        <test-method is-config="true" signature="afterTest()[pri:0, instance:com.d3security.testcase.PhysicSystemTest@75f2099]" started-at="2023-07-09T17:55:02 PDT" name="afterTest" finished-at="2023-07-09T17:55:09 PDT" duration-ms="6777" status="PASS">
          <reporter-output>
          </reporter-output>
        </test-method> <!-- afterTest -->
        <test-method is-config="true" signature="afterSuite()[pri:0, instance:com.d3security.testcase.PhysicSystemTest@75f2099]" started-at="2023-07-09T17:55:09 PDT" name="afterSuite" finished-at="2023-07-09T17:55:09 PDT" duration-ms="0" status="PASS">
          <reporter-output>
          </reporter-output>
        </test-method> <!-- afterSuite -->
      </class> <!-- com.d3security.testcase.PhysicSystemTest -->
    </test> <!-- test2 -->
  </suite> <!-- Physic System  -->
</testng-results>
