<?xml version="1.0" encoding="UTF-8"?>
<testng-results ignored="0" total="1" passed="1" failed="0" skipped="0">
  <reporter-output>
  </reporter-output>
  <suite started-at="2023-07-04T14:50:52 PDT" name="Physic System " finished-at="2023-07-04T14:52:00 PDT" duration-ms="67985">
    <groups>
    </groups>
    <test started-at="2023-07-04T14:50:52 PDT" name="test3" finished-at="2023-07-04T14:52:00 PDT" duration-ms="67985">
      <class name="com.d3security.testcase.PhysicSystemTest">
        <test-method is-config="true" signature="beforeSuite(java.lang.String)[pri:0, instance:com.d3security.testcase.PhysicSystemTest@4cee7fa0]" started-at="2023-07-04T14:50:52 PDT" name="beforeSuite" finished-at="2023-07-04T14:50:52 PDT" duration-ms="27" status="PASS">
          <params>
            <param index="0">
              <value>
                <![CDATA[src/test/resources/config/config.properties]]>
              </value>
            </param>
          </params>
          <reporter-output>
          </reporter-output>
        </test-method> <!-- beforeSuite -->
        <test-method is-config="true" signature="beforeTest(java.lang.String,java.lang.String,java.lang.String,java.lang.String,int,java.lang.String)[pri:0, instance:com.d3security.testcase.PhysicSystemTest@4cee7fa0]" started-at="2023-07-04T14:50:52 PDT" name="beforeTest" finished-at="2023-07-04T14:50:53 PDT" duration-ms="1105" status="PASS">
          <params>
            <param index="0">
              <value>
                <![CDATA[chrome]]>
              </value>
            </param>
            <param index="1">
              <value>
                <![CDATA[pc]]>
              </value>
            </param>
            <param index="2">
              <value>
                <![CDATA[desktop]]>
              </value>
            </param>
            <param index="3">
              <value is-null="true"/>
            </param>
            <param index="4">
              <value>
                <![CDATA[4444]]>
              </value>
            </param>
            <param index="5">
              <value is-null="true"/>
            </param>
          </params>
          <reporter-output>
          </reporter-output>
        </test-method> <!-- beforeTest -->
        <test-method is-config="true" signature="beforeClass()[pri:0, instance:com.d3security.testcase.PhysicSystemTest@4cee7fa0]" started-at="2023-07-04T14:50:53 PDT" name="beforeClass" finished-at="2023-07-04T14:50:53 PDT" duration-ms="15" status="PASS">
          <reporter-output>
          </reporter-output>
        </test-method> <!-- beforeClass -->
        <test-method signature="testPhysicFlow([Ljava.lang.Object;)[pri:1, instance:com.d3security.testcase.PhysicSystemTest@4cee7fa0]" started-at="2023-07-04T14:50:53 PDT" name="testPhysicFlow" description="Physic Login" data-provider="PhysicData" finished-at="2023-07-04T14:51:54 PDT" duration-ms="60161" status="PASS">
          <params>
            <param index="0">
              <value>
                <![CDATA[[Ljava.lang.Object;@61a91912]]>
              </value>
            </param>
          </params>
          <reporter-output>
          </reporter-output>
        </test-method> <!-- testPhysicFlow -->
        <test-method is-config="true" signature="afterClass()[pri:0, instance:com.d3security.testcase.PhysicSystemTest@4cee7fa0]" started-at="2023-07-04T14:51:54 PDT" name="afterClass" finished-at="2023-07-04T14:51:54 PDT" duration-ms="1" status="PASS">
          <reporter-output>
          </reporter-output>
        </test-method> <!-- afterClass -->
        <test-method is-config="true" signature="afterTest()[pri:0, instance:com.d3security.testcase.PhysicSystemTest@4cee7fa0]" started-at="2023-07-04T14:51:54 PDT" name="afterTest" finished-at="2023-07-04T14:52:00 PDT" duration-ms="6179" status="PASS">
          <reporter-output>
          </reporter-output>
        </test-method> <!-- afterTest -->
        <test-method is-config="true" signature="afterSuite()[pri:0, instance:com.d3security.testcase.PhysicSystemTest@4cee7fa0]" started-at="2023-07-04T14:52:00 PDT" name="afterSuite" finished-at="2023-07-04T14:52:00 PDT" duration-ms="1" status="PASS">
          <reporter-output>
          </reporter-output>
        </test-method> <!-- afterSuite -->
      </class> <!-- com.d3security.testcase.PhysicSystemTest -->
    </test> <!-- test3 -->
  </suite> <!-- Physic System  -->
</testng-results>
