<?xml version="1.0" encoding="UTF-8"?>
<testng-results ignored="0" total="1" passed="1" failed="0" skipped="0">
  <reporter-output>
    <line>
      <![CDATA[[Step #1] [Message]: Open Website URL:https://v2019.d3securityonline.net/V127Physical/VSOC/]]>
    </line>
    <line>
      <![CDATA[[Step #2] [Message]: Sign In]]>
    </line>
    <line>
      <![CDATA[[Step #3] [Message]: Dashboard is displaying]]>
    </line>
    <line>
      <![CDATA[[Step #4] [Message]: Click Add New Icon]]>
    </line>
    <line>
      <![CDATA[[Step #5] [Message]: Select dropdown Case Intake]]>
    </line>
    <line>
      <![CDATA[[Step #6] [Message]: Select dropdown _Jers Test Site]]>
    </line>
    <line>
      <![CDATA[[Step #7] [Message]: Get Case number: 07142023-61]]>
    </line>
    <line>
      <![CDATA[[Step #8] [Message]: Search Case]]>
    </line>
    <line>
      <![CDATA[[Step #9] [Passed]: <b>Case number is displayed in Grid</b>]]>
    </line>
  </reporter-output>
  <suite started-at="2023-07-14T16:54:27 PDT" name="Physic System " finished-at="2023-07-14T16:55:18 PDT" duration-ms="50981">
    <groups>
    </groups>
    <test started-at="2023-07-14T16:54:27 PDT" name="test3" finished-at="2023-07-14T16:55:18 PDT" duration-ms="50981">
      <class name="com.d3security.testcase.PhysicSystemTest">
        <test-method is-config="true" signature="beforeSuite(java.lang.String)[pri:0, instance:com.d3security.testcase.PhysicSystemTest@511d5d04]" started-at="2023-07-14T16:54:27 PDT" name="beforeSuite" finished-at="2023-07-14T16:54:27 PDT" duration-ms="24" status="PASS">
          <params>
            <param index="0">
              <value>
                <![CDATA[src/test/resources/config/config.properties]]>
              </value>
            </param>
          </params>
          <reporter-output>
          </reporter-output>
        </test-method> <!-- beforeSuite -->
        <test-method is-config="true" signature="beforeTest(java.lang.String,java.lang.String,java.lang.String,java.lang.String,int,java.lang.String)[pri:0, instance:com.d3security.testcase.PhysicSystemTest@511d5d04]" started-at="2023-07-14T16:54:27 PDT" name="beforeTest" finished-at="2023-07-14T16:54:28 PDT" duration-ms="1146" status="PASS">
          <params>
            <param index="0">
              <value>
                <![CDATA[chrome]]>
              </value>
            </param>
            <param index="1">
              <value>
                <![CDATA[pc]]>
              </value>
            </param>
            <param index="2">
              <value>
                <![CDATA[desktop]]>
              </value>
            </param>
            <param index="3">
              <value is-null="true"/>
            </param>
            <param index="4">
              <value>
                <![CDATA[4444]]>
              </value>
            </param>
            <param index="5">
              <value is-null="true"/>
            </param>
          </params>
          <reporter-output>
          </reporter-output>
        </test-method> <!-- beforeTest -->
        <test-method is-config="true" signature="beforeClass()[pri:0, instance:com.d3security.testcase.PhysicSystemTest@511d5d04]" started-at="2023-07-14T16:54:28 PDT" name="beforeClass" finished-at="2023-07-14T16:54:28 PDT" duration-ms="15" status="PASS">
          <reporter-output>
          </reporter-output>
        </test-method> <!-- beforeClass -->
        <test-method signature="testPhysicAddCase([Ljava.lang.Object;)[pri:1, instance:com.d3security.testcase.PhysicSystemTest@511d5d04]" started-at="2023-07-14T16:54:29 PDT" name="testPhysicAddCase" description="Physic Add Case" data-provider="PhysicCaseData" finished-at="2023-07-14T16:55:12 PDT" duration-ms="43183" status="PASS">
          <params>
            <param index="0">
              <value>
                <![CDATA[[Ljava.lang.Object;@6eb82908]]>
              </value>
            </param>
          </params>
          <reporter-output>
            <line>
              <![CDATA[[Step #1] [Message]: Open Website URL:https://v2019.d3securityonline.net/V127Physical/VSOC/]]>
            </line>
            <line>
              <![CDATA[[Step #2] [Message]: Sign In]]>
            </line>
            <line>
              <![CDATA[[Step #3] [Message]: Dashboard is displaying]]>
            </line>
            <line>
              <![CDATA[[Step #4] [Message]: Click Add New Icon]]>
            </line>
            <line>
              <![CDATA[[Step #5] [Message]: Select dropdown Case Intake]]>
            </line>
            <line>
              <![CDATA[[Step #6] [Message]: Select dropdown _Jers Test Site]]>
            </line>
            <line>
              <![CDATA[[Step #7] [Message]: Get Case number: 07142023-61]]>
            </line>
            <line>
              <![CDATA[[Step #8] [Message]: Search Case]]>
            </line>
            <line>
              <![CDATA[[Step #9] [Passed]: <b>Case number is displayed in Grid</b>]]>
            </line>
          </reporter-output>
        </test-method> <!-- testPhysicAddCase -->
        <test-method is-config="true" signature="afterClass()[pri:0, instance:com.d3security.testcase.PhysicSystemTest@511d5d04]" started-at="2023-07-14T16:55:12 PDT" name="afterClass" finished-at="2023-07-14T16:55:12 PDT" duration-ms="0" status="PASS">
          <reporter-output>
          </reporter-output>
        </test-method> <!-- afterClass -->
        <test-method is-config="true" signature="afterTest()[pri:0, instance:com.d3security.testcase.PhysicSystemTest@511d5d04]" started-at="2023-07-14T16:55:12 PDT" name="afterTest" finished-at="2023-07-14T16:55:18 PDT" duration-ms="6187" status="PASS">
          <reporter-output>
          </reporter-output>
        </test-method> <!-- afterTest -->
        <test-method is-config="true" signature="afterSuite()[pri:0, instance:com.d3security.testcase.PhysicSystemTest@511d5d04]" started-at="2023-07-14T16:55:18 PDT" name="afterSuite" finished-at="2023-07-14T16:55:18 PDT" duration-ms="1" status="PASS">
          <reporter-output>
          </reporter-output>
        </test-method> <!-- afterSuite -->
      </class> <!-- com.d3security.testcase.PhysicSystemTest -->
    </test> <!-- test3 -->
  </suite> <!-- Physic System  -->
</testng-results>
