<?xml version="1.0" encoding="UTF-8"?>
<testng-results ignored="0" total="1" passed="1" failed="0" skipped="0">
  <reporter-output>
    <line>
      <![CDATA[[Step #1] [Message]: Open Website URL:https://v2019.d3securityonline.net/V127Disney/VSOC]]>
    </line>
    <line>
      <![CDATA[[Step #2] [Message]: Sign In]]>
    </line>
    <line>
      <![CDATA[[Step #3] [Message]: Dashboard is displaying]]>
    </line>
  </reporter-output>
  <suite started-at="2023-07-21T17:20:22 PDT" name="Physic System - Dispatch Test" finished-at="2023-07-21T17:20:51 PDT" duration-ms="28732">
    <groups>
    </groups>
    <test started-at="2023-07-21T17:20:22 PDT" name="test1" finished-at="2023-07-21T17:20:51 PDT" duration-ms="28732">
      <class name="com.d3security.testcase.DispatchTest">
        <test-method is-config="true" signature="beforeSuite(java.lang.String)[pri:0, instance:com.d3security.testcase.DispatchTest@5183d589]" started-at="2023-07-21T17:20:22 PDT" name="beforeSuite" finished-at="2023-07-21T17:20:22 PDT" duration-ms="29" status="PASS">
          <params>
            <param index="0">
              <value>
                <![CDATA[src/test/resources/config/config.properties]]>
              </value>
            </param>
          </params>
          <reporter-output>
          </reporter-output>
        </test-method> <!-- beforeSuite -->
        <test-method is-config="true" signature="beforeTest(java.lang.String,java.lang.String,java.lang.String,java.lang.String,int,java.lang.String)[pri:0, instance:com.d3security.testcase.DispatchTest@5183d589]" started-at="2023-07-21T17:20:22 PDT" name="beforeTest" finished-at="2023-07-21T17:20:23 PDT" duration-ms="1173" status="PASS">
          <params>
            <param index="0">
              <value>
                <![CDATA[chrome]]>
              </value>
            </param>
            <param index="1">
              <value>
                <![CDATA[pc]]>
              </value>
            </param>
            <param index="2">
              <value>
                <![CDATA[desktop]]>
              </value>
            </param>
            <param index="3">
              <value is-null="true"/>
            </param>
            <param index="4">
              <value>
                <![CDATA[4444]]>
              </value>
            </param>
            <param index="5">
              <value is-null="true"/>
            </param>
          </params>
          <reporter-output>
          </reporter-output>
        </test-method> <!-- beforeTest -->
        <test-method is-config="true" signature="beforeClass()[pri:0, instance:com.d3security.testcase.DispatchTest@5183d589]" started-at="2023-07-21T17:20:23 PDT" name="beforeClass" finished-at="2023-07-21T17:20:23 PDT" duration-ms="14" status="PASS">
          <reporter-output>
          </reporter-output>
        </test-method> <!-- beforeClass -->
        <test-method signature="testPhysicDispatchClearOfficer([Ljava.lang.Object;)[pri:1, instance:com.d3security.testcase.DispatchTest@5183d589]" started-at="2023-07-21T17:20:24 PDT" name="testPhysicDispatchClearOfficer" description="Physic Dispatch Clear Officer" data-provider="PhysicDispatchData" finished-at="2023-07-21T17:20:45 PDT" duration-ms="20889" status="PASS">
          <params>
            <param index="0">
              <value>
                <![CDATA[[Ljava.lang.Object;@3c4a333a]]>
              </value>
            </param>
          </params>
          <reporter-output>
            <line>
              <![CDATA[[Step #1] [Message]: Open Website URL:https://v2019.d3securityonline.net/V127Disney/VSOC]]>
            </line>
            <line>
              <![CDATA[[Step #2] [Message]: Sign In]]>
            </line>
            <line>
              <![CDATA[[Step #3] [Message]: Dashboard is displaying]]>
            </line>
          </reporter-output>
        </test-method> <!-- testPhysicDispatchClearOfficer -->
        <test-method is-config="true" signature="afterClass()[pri:0, instance:com.d3security.testcase.DispatchTest@5183d589]" started-at="2023-07-21T17:20:45 PDT" name="afterClass" finished-at="2023-07-21T17:20:45 PDT" duration-ms="0" status="PASS">
          <reporter-output>
          </reporter-output>
        </test-method> <!-- afterClass -->
        <test-method is-config="true" signature="afterTest()[pri:0, instance:com.d3security.testcase.DispatchTest@5183d589]" started-at="2023-07-21T17:20:45 PDT" name="afterTest" finished-at="2023-07-21T17:20:51 PDT" duration-ms="6165" status="PASS">
          <reporter-output>
          </reporter-output>
        </test-method> <!-- afterTest -->
        <test-method is-config="true" signature="afterSuite()[pri:0, instance:com.d3security.testcase.DispatchTest@5183d589]" started-at="2023-07-21T17:20:51 PDT" name="afterSuite" finished-at="2023-07-21T17:20:51 PDT" duration-ms="2" status="PASS">
          <reporter-output>
          </reporter-output>
        </test-method> <!-- afterSuite -->
      </class> <!-- com.d3security.testcase.DispatchTest -->
    </test> <!-- test1 -->
  </suite> <!-- Physic System - Dispatch Test -->
</testng-results>
