<?xml version="1.0" encoding="UTF-8"?>
<testng-results ignored="0" total="2" passed="2" failed="0" skipped="0">
  <reporter-output>
    <line>
      <![CDATA[[Step #1] [Message]: Open Website URL:https://v2019.d3securityonline.net/V127Physical/VSOC/]]>
    </line>
    <line>
      <![CDATA[[Step #1] [Message]: Open Website URL:https://v2019.d3securityonline.net/V127Physical/VSOC/]]>
    </line>
    <line>
      <![CDATA[[Step #2] [Message]: Sign In]]>
    </line>
    <line>
      <![CDATA[[Step #2] [Message]: Sign In]]>
    </line>
    <line>
      <![CDATA[[Step #3] [Message]: Dashboard is displaying]]>
    </line>
    <line>
      <![CDATA[[Step #4] [Message]: Click Add New Icon]]>
    </line>
    <line>
      <![CDATA[[Step #3] [Message]: Dashboard is displaying]]>
    </line>
    <line>
      <![CDATA[[Step #4] [Message]: Click Add New Icon]]>
    </line>
    <line>
      <![CDATA[[Step #5] [Message]: Select dropdown Case Intake]]>
    </line>
    <line>
      <![CDATA[[Step #5] [Message]: Select dropdown Incident Report]]>
    </line>
    <line>
      <![CDATA[[Step #6] [Message]: Create IR]]>
    </line>
    <line>
      <![CDATA[[Step #7] [Message]: Add IncidentReport Window is opening]]>
    </line>
    <line>
      <![CDATA[[Step #6] [Message]: Select dropdown _Jers Test Site]]>
    </line>
    <line>
      <![CDATA[[Step #7] [Message]: Get Case number: 07092023-30]]>
    </line>
    <line>
      <![CDATA[[Step #8] [Message]: Search Case]]>
    </line>
    <line>
      <![CDATA[[Step #8] [Message]: Save]]>
    </line>
    <line>
      <![CDATA[[Step #9] [Passed]: Case number is displayed in Grid]]>
    </line>
    <line>
      <![CDATA[[Step #9] [Passed]: IncidentReport created successfully]]>
    </line>
    <line>
      <![CDATA[[Step #10] [Message]: Get IncidentReport number: 09072023-3]]>
    </line>
    <line>
      <![CDATA[[Step #11] [Message]: Go D3vSOC Window]]>
    </line>
    <line>
      <![CDATA[[Step #12] [Message]: Click Hamburger Menu]]>
    </line>
    <line>
      <![CDATA[[Step #13] [Message]: Click IncidentReports Menu]]>
    </line>
    <line>
      <![CDATA[[Step #14] [Message]: Search IR]]>
    </line>
    <line>
      <![CDATA[[Step #15] [Passed]: IncidentReport number is displayed in Grid]]>
    </line>
  </reporter-output>
  <suite started-at="2023-07-09T12:14:12 PDT" name="Physic System " finished-at="2023-07-09T12:15:15 PDT" duration-ms="63658">
    <groups>
    </groups>
    <test started-at="2023-07-09T12:14:12 PDT" name="test3" finished-at="2023-07-09T12:14:56 PDT" duration-ms="43707">
      <class name="com.d3security.testcase.PhysicSystemTest">
        <test-method is-config="true" signature="beforeSuite(java.lang.String)[pri:0, instance:com.d3security.testcase.PhysicSystemTest@458544e0]" started-at="2023-07-09T12:14:12 PDT" name="beforeSuite" finished-at="2023-07-09T12:14:12 PDT" duration-ms="49" status="PASS">
          <params>
            <param index="0">
              <value>
                <![CDATA[src/test/resources/config/config.properties]]>
              </value>
            </param>
          </params>
          <reporter-output>
          </reporter-output>
        </test-method> <!-- beforeSuite -->
        <test-method is-config="true" signature="beforeTest(java.lang.String,java.lang.String,java.lang.String,java.lang.String,int,java.lang.String)[pri:0, instance:com.d3security.testcase.PhysicSystemTest@458544e0]" started-at="2023-07-09T12:14:12 PDT" name="beforeTest" finished-at="2023-07-09T12:14:14 PDT" duration-ms="1997" status="PASS">
          <params>
            <param index="0">
              <value>
                <![CDATA[chrome]]>
              </value>
            </param>
            <param index="1">
              <value>
                <![CDATA[pc]]>
              </value>
            </param>
            <param index="2">
              <value>
                <![CDATA[desktop]]>
              </value>
            </param>
            <param index="3">
              <value is-null="true"/>
            </param>
            <param index="4">
              <value>
                <![CDATA[4444]]>
              </value>
            </param>
            <param index="5">
              <value is-null="true"/>
            </param>
          </params>
          <reporter-output>
          </reporter-output>
        </test-method> <!-- beforeTest -->
        <test-method is-config="true" signature="beforeClass()[pri:0, instance:com.d3security.testcase.PhysicSystemTest@458544e0]" started-at="2023-07-09T12:14:14 PDT" name="beforeClass" finished-at="2023-07-09T12:14:14 PDT" duration-ms="2" status="PASS">
          <reporter-output>
          </reporter-output>
        </test-method> <!-- beforeClass -->
        <test-method signature="testPhysicAddCase([Ljava.lang.Object;)[pri:1, instance:com.d3security.testcase.PhysicSystemTest@458544e0]" started-at="2023-07-09T12:14:15 PDT" name="testPhysicAddCase" description="Physic Add Case" data-provider="PhysicCaseData" finished-at="2023-07-09T12:14:49 PDT" duration-ms="34433" status="PASS">
          <params>
            <param index="0">
              <value>
                <![CDATA[[Ljava.lang.Object;@4a8df3e2]]>
              </value>
            </param>
          </params>
          <reporter-output>
            <line>
              <![CDATA[[Step #1] [Message]: Open Website URL:https://v2019.d3securityonline.net/V127Physical/VSOC/]]>
            </line>
            <line>
              <![CDATA[[Step #2] [Message]: Sign In]]>
            </line>
            <line>
              <![CDATA[[Step #3] [Message]: Dashboard is displaying]]>
            </line>
            <line>
              <![CDATA[[Step #4] [Message]: Click Add New Icon]]>
            </line>
            <line>
              <![CDATA[[Step #5] [Message]: Select dropdown Case Intake]]>
            </line>
            <line>
              <![CDATA[[Step #6] [Message]: Select dropdown _Jers Test Site]]>
            </line>
            <line>
              <![CDATA[[Step #7] [Message]: Get Case number: 07092023-30]]>
            </line>
            <line>
              <![CDATA[[Step #8] [Message]: Search Case]]>
            </line>
            <line>
              <![CDATA[[Step #9] [Passed]: Case number is displayed in Grid]]>
            </line>
          </reporter-output>
        </test-method> <!-- testPhysicAddCase -->
        <test-method is-config="true" signature="afterClass()[pri:0, instance:com.d3security.testcase.PhysicSystemTest@458544e0]" started-at="2023-07-09T12:14:49 PDT" name="afterClass" finished-at="2023-07-09T12:14:49 PDT" duration-ms="1" status="PASS">
          <reporter-output>
          </reporter-output>
        </test-method> <!-- afterClass -->
        <test-method is-config="true" signature="afterTest()[pri:0, instance:com.d3security.testcase.PhysicSystemTest@458544e0]" started-at="2023-07-09T12:14:49 PDT" name="afterTest" finished-at="2023-07-09T12:14:56 PDT" duration-ms="6460" status="PASS">
          <reporter-output>
          </reporter-output>
        </test-method> <!-- afterTest -->
        <test-method is-config="true" signature="afterSuite()[pri:0, instance:com.d3security.testcase.PhysicSystemTest@458544e0]" started-at="2023-07-09T12:15:15 PDT" name="afterSuite" finished-at="2023-07-09T12:15:15 PDT" duration-ms="1" status="PASS">
          <reporter-output>
          </reporter-output>
        </test-method> <!-- afterSuite -->
      </class> <!-- com.d3security.testcase.PhysicSystemTest -->
    </test> <!-- test3 -->
    <test started-at="2023-07-09T12:14:12 PDT" name="test2" finished-at="2023-07-09T12:15:15 PDT" duration-ms="63658">
      <class name="com.d3security.testcase.PhysicSystemTest">
        <test-method is-config="true" signature="beforeTest(java.lang.String,java.lang.String,java.lang.String,java.lang.String,int,java.lang.String)[pri:0, instance:com.d3security.testcase.PhysicSystemTest@6d467c87]" started-at="2023-07-09T12:14:12 PDT" name="beforeTest" finished-at="2023-07-09T12:14:14 PDT" duration-ms="1869" status="PASS">
          <params>
            <param index="0">
              <value>
                <![CDATA[chrome]]>
              </value>
            </param>
            <param index="1">
              <value>
                <![CDATA[pc]]>
              </value>
            </param>
            <param index="2">
              <value>
                <![CDATA[desktop]]>
              </value>
            </param>
            <param index="3">
              <value is-null="true"/>
            </param>
            <param index="4">
              <value>
                <![CDATA[4444]]>
              </value>
            </param>
            <param index="5">
              <value is-null="true"/>
            </param>
          </params>
          <reporter-output>
          </reporter-output>
        </test-method> <!-- beforeTest -->
        <test-method is-config="true" signature="beforeClass()[pri:0, instance:com.d3security.testcase.PhysicSystemTest@6d467c87]" started-at="2023-07-09T12:14:14 PDT" name="beforeClass" finished-at="2023-07-09T12:14:14 PDT" duration-ms="71" status="PASS">
          <reporter-output>
          </reporter-output>
        </test-method> <!-- beforeClass -->
        <test-method signature="testPhysicAddIR([Ljava.lang.Object;)[pri:1, instance:com.d3security.testcase.PhysicSystemTest@6d467c87]" started-at="2023-07-09T12:14:15 PDT" name="testPhysicAddIR" description="Physic Login" data-provider="PhysicData" finished-at="2023-07-09T12:15:09 PDT" duration-ms="54380" status="PASS">
          <params>
            <param index="0">
              <value>
                <![CDATA[[Ljava.lang.Object;@6f9ad11c]]>
              </value>
            </param>
          </params>
          <reporter-output>
            <line>
              <![CDATA[[Step #1] [Message]: Open Website URL:https://v2019.d3securityonline.net/V127Physical/VSOC/]]>
            </line>
            <line>
              <![CDATA[[Step #2] [Message]: Sign In]]>
            </line>
            <line>
              <![CDATA[[Step #3] [Message]: Dashboard is displaying]]>
            </line>
            <line>
              <![CDATA[[Step #4] [Message]: Click Add New Icon]]>
            </line>
            <line>
              <![CDATA[[Step #5] [Message]: Select dropdown Incident Report]]>
            </line>
            <line>
              <![CDATA[[Step #6] [Message]: Create IR]]>
            </line>
            <line>
              <![CDATA[[Step #7] [Message]: Add IncidentReport Window is opening]]>
            </line>
            <line>
              <![CDATA[[Step #8] [Message]: Save]]>
            </line>
            <line>
              <![CDATA[[Step #9] [Passed]: IncidentReport created successfully]]>
            </line>
            <line>
              <![CDATA[[Step #10] [Message]: Get IncidentReport number: 09072023-3]]>
            </line>
            <line>
              <![CDATA[[Step #11] [Message]: Go D3vSOC Window]]>
            </line>
            <line>
              <![CDATA[[Step #12] [Message]: Click Hamburger Menu]]>
            </line>
            <line>
              <![CDATA[[Step #13] [Message]: Click IncidentReports Menu]]>
            </line>
            <line>
              <![CDATA[[Step #14] [Message]: Search IR]]>
            </line>
            <line>
              <![CDATA[[Step #15] [Passed]: IncidentReport number is displayed in Grid]]>
            </line>
          </reporter-output>
        </test-method> <!-- testPhysicAddIR -->
        <test-method is-config="true" signature="afterClass()[pri:0, instance:com.d3security.testcase.PhysicSystemTest@6d467c87]" started-at="2023-07-09T12:15:09 PDT" name="afterClass" finished-at="2023-07-09T12:15:09 PDT" duration-ms="0" status="PASS">
          <reporter-output>
          </reporter-output>
        </test-method> <!-- afterClass -->
        <test-method is-config="true" signature="afterTest()[pri:0, instance:com.d3security.testcase.PhysicSystemTest@6d467c87]" started-at="2023-07-09T12:15:09 PDT" name="afterTest" finished-at="2023-07-09T12:15:15 PDT" duration-ms="6523" status="PASS">
          <reporter-output>
          </reporter-output>
        </test-method> <!-- afterTest -->
      </class> <!-- com.d3security.testcase.PhysicSystemTest -->
    </test> <!-- test2 -->
  </suite> <!-- Physic System  -->
</testng-results>
