<?xml version="1.0" encoding="UTF-8"?>
<testng-results ignored="0" total="2" passed="1" failed="1" skipped="0">
  <reporter-output>
    <line>
      <![CDATA[[Step #1] [Message]: Open Website URL:https://v2019.d3securityonline.net/V127Physical/VSOC/]]>
    </line>
    <line>
      <![CDATA[[Step #1] [Message]: Open Website URL:https://v2019.d3securityonline.net/V127Physical/VSOC/]]>
    </line>
    <line>
      <![CDATA[[Step #2] [Message]: Sign In]]>
    </line>
    <line>
      <![CDATA[[Step #2] [Message]: Sign In]]>
    </line>
    <line>
      <![CDATA[[Step #3] [Message]: Dashboard is displaying]]>
    </line>
    <line>
      <![CDATA[[Step #4] [Message]: Click Add New Icon]]>
    </line>
    <line>
      <![CDATA[[Step #3] [Message]: Dashboard is displaying]]>
    </line>
    <line>
      <![CDATA[[Step #4] [Message]: Click Add New Icon]]>
    </line>
    <line>
      <![CDATA[[Step #5] [Message]: Select dropdown Case Intake]]>
    </line>
    <line>
      <![CDATA[[Step #5] [Message]: Select dropdown Incident Report]]>
    </line>
    <line>
      <![CDATA[[Step #6] [Message]: Create IR]]>
    </line>
    <line>
      <![CDATA[[Step #7] [Message]: Add IncidentReport Window is opening]]>
    </line>
    <line>
      <![CDATA[[Step #6] [Message]: Select dropdown _Jers Test Site]]>
    </line>
    <line>
      <![CDATA[[Step #7] [Message]: Get Case number: 07182023-73]]>
    </line>
    <line>
      <![CDATA[[Step #8] [Message]: Search Case]]>
    </line>
    <line>
      <![CDATA[[Step #8] [Message]: Save]]>
    </line>
    <line>
      <![CDATA[<br><div style="text-align:left"><a href="C:\Users\ldu\git\d3securityautomation\target\surefire-reports\html\2023071812048v3Zefp.jpg"><img src="C:\Users\ldu\git\d3securityautomation\target\surefire-reports\html\2023071812048v3Zefp.jpg" alt="C:\Users\ldu\git\d3securityautomation\target\surefire-reports\html\2023071812048v3Zefp" height="350"/></a></div>
<br>]]>
    </line>
    <line>
      <![CDATA[[Step #9] [<b><font color="red">Failed</font></b>]: [Step #9] [<b><font color="red">Failed</font></b>]: <b>Case number is displayed in Grid</b>]]>
    </line>
    <line>
      <![CDATA[[Step #9] [Passed]: <b>IncidentReport created successfully</b>]]>
    </line>
    <line>
      <![CDATA[[Step #10] [Message]: Get IncidentReport number: 18072023-12]]>
    </line>
    <line>
      <![CDATA[[Step #11] [Message]: Go D3vSOC Window]]>
    </line>
    <line>
      <![CDATA[[Step #12] [Message]: Click Hamburger Menu]]>
    </line>
    <line>
      <![CDATA[[Step #13] [Message]: Click More Menu]]>
    </line>
    <line>
      <![CDATA[[Step #14] [Message]: Search IR]]>
    </line>
    <line>
      <![CDATA[[Step #15] [Passed]: <b>IncidentReport number is displayed in Grid</b>]]>
    </line>
  </reporter-output>
  <suite started-at="2023-07-18T12:00:13 PDT" name="Physic System " finished-at="2023-07-18T12:01:25 PDT" duration-ms="72253">
    <groups>
    </groups>
    <test started-at="2023-07-18T12:00:13 PDT" name="test3" finished-at="2023-07-18T12:00:55 PDT" duration-ms="42079">
      <class name="com.d3security.testcase.PhysicSystemTest">
        <test-method is-config="true" signature="beforeSuite(java.lang.String)[pri:0, instance:com.d3security.testcase.PhysicSystemTest@47b2e9e1]" started-at="2023-07-18T12:00:13 PDT" name="beforeSuite" finished-at="2023-07-18T12:00:13 PDT" duration-ms="28" status="PASS">
          <params>
            <param index="0">
              <value>
                <![CDATA[src/test/resources/config/config.properties]]>
              </value>
            </param>
          </params>
          <reporter-output>
          </reporter-output>
        </test-method> <!-- beforeSuite -->
        <test-method is-config="true" signature="beforeTest(java.lang.String,java.lang.String,java.lang.String,java.lang.String,int,java.lang.String)[pri:0, instance:com.d3security.testcase.PhysicSystemTest@47b2e9e1]" started-at="2023-07-18T12:00:13 PDT" name="beforeTest" finished-at="2023-07-18T12:00:14 PDT" duration-ms="1261" status="PASS">
          <params>
            <param index="0">
              <value>
                <![CDATA[chrome]]>
              </value>
            </param>
            <param index="1">
              <value>
                <![CDATA[pc]]>
              </value>
            </param>
            <param index="2">
              <value>
                <![CDATA[desktop]]>
              </value>
            </param>
            <param index="3">
              <value is-null="true"/>
            </param>
            <param index="4">
              <value>
                <![CDATA[4444]]>
              </value>
            </param>
            <param index="5">
              <value is-null="true"/>
            </param>
          </params>
          <reporter-output>
          </reporter-output>
        </test-method> <!-- beforeTest -->
        <test-method is-config="true" signature="beforeClass()[pri:0, instance:com.d3security.testcase.PhysicSystemTest@47b2e9e1]" started-at="2023-07-18T12:00:14 PDT" name="beforeClass" finished-at="2023-07-18T12:00:14 PDT" duration-ms="16" status="PASS">
          <reporter-output>
          </reporter-output>
        </test-method> <!-- beforeClass -->
        <test-method signature="testPhysicAddCase([Ljava.lang.Object;)[pri:1, instance:com.d3security.testcase.PhysicSystemTest@47b2e9e1]" started-at="2023-07-18T12:00:15 PDT" name="testPhysicAddCase" description="Physic Add Case" data-provider="PhysicCaseData" finished-at="2023-07-18T12:00:49 PDT" duration-ms="34130" status="FAIL">
          <params>
            <param index="0">
              <value>
                <![CDATA[[Ljava.lang.Object;@f2ce6b]]>
              </value>
            </param>
          </params>
          <exception class="java.lang.AssertionError">
            <message>
              <![CDATA[[Step #9] [<b><font color="red">Failed</font></b>]: [Step #9] [<b><font color="red">Failed</font></b>]: <b>Case number is displayed in Grid</b>]]>
            </message>
            <full-stacktrace>
              <![CDATA[java.lang.AssertionError: [Step #9] [<b><font color="red">Failed</font></b>]: [Step #9] [<b><font color="red">Failed</font></b>]: <b>Case number is displayed in Grid</b>
at org.testng.Assert.fail(Assert.java:111)
at com.d3security.util.StepInfo.failTest(StepInfo.java:123)
at com.d3security.util.Verify.verifyFalse(Verify.java:184)
at com.d3security.testcase.PhysicSystemTest.testPhysicAddCase(PhysicSystemTest.java:100)
at java.base/jdk.internal.reflect.NativeMethodAccessorImpl.invoke0(Native Method)
at java.base/jdk.internal.reflect.NativeMethodAccessorImpl.invoke(NativeMethodAccessorImpl.java:62)
at java.base/jdk.internal.reflect.DelegatingMethodAccessorImpl.invoke(DelegatingMethodAccessorImpl.java:43)
at java.base/java.lang.reflect.Method.invoke(Method.java:566)
at org.testng.internal.invokers.MethodInvocationHelper.invokeMethod(MethodInvocationHelper.java:139)
at org.testng.internal.invokers.TestInvoker.invokeMethod(TestInvoker.java:664)
at org.testng.internal.invokers.TestInvoker.invokeTestMethod(TestInvoker.java:227)
at org.testng.internal.invokers.MethodRunner.runInSequence(MethodRunner.java:50)
at org.testng.internal.invokers.TestInvoker$MethodInvocationAgent.invoke(TestInvoker.java:957)
at org.testng.internal.invokers.TestInvoker.invokeTestMethods(TestInvoker.java:200)
at org.testng.internal.invokers.TestMethodWorker.invokeTestMethods(TestMethodWorker.java:148)
at org.testng.internal.invokers.TestMethodWorker.run(TestMethodWorker.java:128)
at java.base/java.util.ArrayList.forEach(ArrayList.java:1541)
at org.testng.TestRunner.privateRun(TestRunner.java:848)
at org.testng.TestRunner.run(TestRunner.java:621)
at org.testng.SuiteRunner.runTest(SuiteRunner.java:443)
at org.testng.SuiteRunner$SuiteWorker.run(SuiteRunner.java:481)
at org.testng.internal.thread.ThreadUtil.lambda$execute$0(ThreadUtil.java:58)
at java.base/java.util.concurrent.FutureTask.run(FutureTask.java:264)
at java.base/java.util.concurrent.ThreadPoolExecutor.runWorker(ThreadPoolExecutor.java:1128)
at java.base/java.util.concurrent.ThreadPoolExecutor$Worker.run(ThreadPoolExecutor.java:628)
at java.base/java.lang.Thread.run(Thread.java:834)
]]>
            </full-stacktrace>
          </exception> <!-- java.lang.AssertionError -->
          <reporter-output>
            <line>
              <![CDATA[[Step #1] [Message]: Open Website URL:https://v2019.d3securityonline.net/V127Physical/VSOC/]]>
            </line>
            <line>
              <![CDATA[[Step #2] [Message]: Sign In]]>
            </line>
            <line>
              <![CDATA[[Step #3] [Message]: Dashboard is displaying]]>
            </line>
            <line>
              <![CDATA[[Step #4] [Message]: Click Add New Icon]]>
            </line>
            <line>
              <![CDATA[[Step #5] [Message]: Select dropdown Case Intake]]>
            </line>
            <line>
              <![CDATA[[Step #6] [Message]: Select dropdown _Jers Test Site]]>
            </line>
            <line>
              <![CDATA[[Step #7] [Message]: Get Case number: 07182023-73]]>
            </line>
            <line>
              <![CDATA[[Step #8] [Message]: Search Case]]>
            </line>
            <line>
              <![CDATA[<br><div style="text-align:left"><a href="C:\Users\ldu\git\d3securityautomation\target\surefire-reports\html\2023071812048v3Zefp.jpg"><img src="C:\Users\ldu\git\d3securityautomation\target\surefire-reports\html\2023071812048v3Zefp.jpg" alt="C:\Users\ldu\git\d3securityautomation\target\surefire-reports\html\2023071812048v3Zefp" height="350"/></a></div>
<br>]]>
            </line>
            <line>
              <![CDATA[[Step #9] [<b><font color="red">Failed</font></b>]: [Step #9] [<b><font color="red">Failed</font></b>]: <b>Case number is displayed in Grid</b>]]>
            </line>
          </reporter-output>
        </test-method> <!-- testPhysicAddCase -->
        <test-method is-config="true" signature="afterClass()[pri:0, instance:com.d3security.testcase.PhysicSystemTest@47b2e9e1]" started-at="2023-07-18T12:00:49 PDT" name="afterClass" finished-at="2023-07-18T12:00:49 PDT" duration-ms="1" status="PASS">
          <reporter-output>
          </reporter-output>
        </test-method> <!-- afterClass -->
        <test-method is-config="true" signature="afterTest()[pri:0, instance:com.d3security.testcase.PhysicSystemTest@47b2e9e1]" started-at="2023-07-18T12:00:49 PDT" name="afterTest" finished-at="2023-07-18T12:00:55 PDT" duration-ms="6147" status="PASS">
          <reporter-output>
          </reporter-output>
        </test-method> <!-- afterTest -->
        <test-method is-config="true" signature="afterSuite()[pri:0, instance:com.d3security.testcase.PhysicSystemTest@47b2e9e1]" started-at="2023-07-18T12:01:25 PDT" name="afterSuite" finished-at="2023-07-18T12:01:25 PDT" duration-ms="1" status="PASS">
          <reporter-output>
          </reporter-output>
        </test-method> <!-- afterSuite -->
      </class> <!-- com.d3security.testcase.PhysicSystemTest -->
    </test> <!-- test3 -->
    <test started-at="2023-07-18T12:00:13 PDT" name="test2" finished-at="2023-07-18T12:01:25 PDT" duration-ms="72253">
      <class name="com.d3security.testcase.PhysicSystemTest">
        <test-method is-config="true" signature="beforeTest(java.lang.String,java.lang.String,java.lang.String,java.lang.String,int,java.lang.String)[pri:0, instance:com.d3security.testcase.PhysicSystemTest@511d5d04]" started-at="2023-07-18T12:00:13 PDT" name="beforeTest" finished-at="2023-07-18T12:00:14 PDT" duration-ms="1277" status="PASS">
          <params>
            <param index="0">
              <value>
                <![CDATA[edge]]>
              </value>
            </param>
            <param index="1">
              <value>
                <![CDATA[pc]]>
              </value>
            </param>
            <param index="2">
              <value>
                <![CDATA[desktop]]>
              </value>
            </param>
            <param index="3">
              <value is-null="true"/>
            </param>
            <param index="4">
              <value>
                <![CDATA[4444]]>
              </value>
            </param>
            <param index="5">
              <value is-null="true"/>
            </param>
          </params>
          <reporter-output>
          </reporter-output>
        </test-method> <!-- beforeTest -->
        <test-method is-config="true" signature="beforeClass()[pri:0, instance:com.d3security.testcase.PhysicSystemTest@511d5d04]" started-at="2023-07-18T12:00:14 PDT" name="beforeClass" finished-at="2023-07-18T12:00:14 PDT" duration-ms="12" status="PASS">
          <reporter-output>
          </reporter-output>
        </test-method> <!-- beforeClass -->
        <test-method signature="testPhysicAddIR([Ljava.lang.Object;)[pri:1, instance:com.d3security.testcase.PhysicSystemTest@511d5d04]" started-at="2023-07-18T12:00:15 PDT" name="testPhysicAddIR" description="Physic Add IR" data-provider="PhysicData" finished-at="2023-07-18T12:01:19 PDT" duration-ms="64218" status="PASS">
          <params>
            <param index="0">
              <value>
                <![CDATA[[Ljava.lang.Object;@65f58c6e]]>
              </value>
            </param>
          </params>
          <reporter-output>
            <line>
              <![CDATA[[Step #1] [Message]: Open Website URL:https://v2019.d3securityonline.net/V127Physical/VSOC/]]>
            </line>
            <line>
              <![CDATA[[Step #2] [Message]: Sign In]]>
            </line>
            <line>
              <![CDATA[[Step #3] [Message]: Dashboard is displaying]]>
            </line>
            <line>
              <![CDATA[[Step #4] [Message]: Click Add New Icon]]>
            </line>
            <line>
              <![CDATA[[Step #5] [Message]: Select dropdown Incident Report]]>
            </line>
            <line>
              <![CDATA[[Step #6] [Message]: Create IR]]>
            </line>
            <line>
              <![CDATA[[Step #7] [Message]: Add IncidentReport Window is opening]]>
            </line>
            <line>
              <![CDATA[[Step #8] [Message]: Save]]>
            </line>
            <line>
              <![CDATA[[Step #9] [Passed]: <b>IncidentReport created successfully</b>]]>
            </line>
            <line>
              <![CDATA[[Step #10] [Message]: Get IncidentReport number: 18072023-12]]>
            </line>
            <line>
              <![CDATA[[Step #11] [Message]: Go D3vSOC Window]]>
            </line>
            <line>
              <![CDATA[[Step #12] [Message]: Click Hamburger Menu]]>
            </line>
            <line>
              <![CDATA[[Step #13] [Message]: Click More Menu]]>
            </line>
            <line>
              <![CDATA[[Step #14] [Message]: Search IR]]>
            </line>
            <line>
              <![CDATA[[Step #15] [Passed]: <b>IncidentReport number is displayed in Grid</b>]]>
            </line>
          </reporter-output>
        </test-method> <!-- testPhysicAddIR -->
        <test-method is-config="true" signature="afterClass()[pri:0, instance:com.d3security.testcase.PhysicSystemTest@511d5d04]" started-at="2023-07-18T12:01:19 PDT" name="afterClass" finished-at="2023-07-18T12:01:19 PDT" duration-ms="1" status="PASS">
          <reporter-output>
          </reporter-output>
        </test-method> <!-- afterClass -->
        <test-method is-config="true" signature="afterTest()[pri:0, instance:com.d3security.testcase.PhysicSystemTest@511d5d04]" started-at="2023-07-18T12:01:19 PDT" name="afterTest" finished-at="2023-07-18T12:01:25 PDT" duration-ms="6275" status="PASS">
          <reporter-output>
          </reporter-output>
        </test-method> <!-- afterTest -->
      </class> <!-- com.d3security.testcase.PhysicSystemTest -->
    </test> <!-- test2 -->
  </suite> <!-- Physic System  -->
</testng-results>
